生成启动时间为 2015/02/24 14:27:00。
     1>项目“D:\localversion\FaceAva\FaceAvatar\FaceAvatar.vcxproj”在节点 2 上(Build 个目标)。
     1>ClCompile:
         C:\Program Files (x86)\Microsoft Visual Studio 12.0\VC\bin\CL.exe /c /Zi /nologo /W3 /WX- /O2 /Oi /Oy- /GL /D WIN32 /D NDEBUG /D _WINDOWS /D _MBCS /Gm- /EHsc /MT /GS /Gy /fp:precise /Zc:wchar_t /Zc:forScope /Fo"Release\\" /Fd"Release\vc120.pdb" /Gd /TP /analyze- /errorReport:prompt main.cpp
         main.cpp
     1>d:\localversion\faceava\faceavatar\cootrans.h(14): warning C4244: “初始化”: 从“double”转换到“float”，可能丢失数据
     1>d:\localversion\faceava\faceavatar\cootrans.h(28): warning C4244: “初始化”: 从“double”转换到“float”，可能丢失数据
     1>main.cpp(24): warning C4305: “初始化”: 从“double”到“float”截断
     1>main.cpp(122): warning C4566: 由通用字符名称“\u8F7D”表示的字符不能在当前代码页(932)中表示出来
     1>main.cpp(204): warning C4566: 由通用字符名称“\u8F7D”表示的字符不能在当前代码页(932)中表示出来
     1>main.cpp(204): warning C4566: 由通用字符名称“\u52A8”表示的字符不能在当前代码页(932)中表示出来
     1>main.cpp(261): warning C4244: “参数”: 从“double”转换到“float”，可能丢失数据
     1>main.cpp(276): warning C4305: “+=”: 从“double”到“float”截断
     1>main.cpp(281): warning C4305: “-=”: 从“double”到“float”截断
     1>main.cpp(284): warning C4305: “-=”: 从“double”到“float”截断
     1>main.cpp(289): warning C4305: “+=”: 从“double”到“float”截断
     1>main.cpp(294): warning C4305: “+=”: 从“double”到“float”截断
     1>main.cpp(299): warning C4305: “-=”: 从“double”到“float”截断
     1>main.cpp(339): warning C4305: “参数”: 从“double”到“float”截断
     1>main.cpp(339): warning C4244: “参数”: 从“double”转换到“float”，可能丢失数据
     1>main.cpp(362): warning C4244: “参数”: 从“double”转换到“float”，可能丢失数据
     1>main.cpp(363): warning C4244: “参数”: 从“double”转换到“float”，可能丢失数据
     1>main.cpp(369): warning C4566: 由通用字符名称“\u8BBE”表示的字符不能在当前代码页(932)中表示出来
     1>main.cpp(369): warning C4566: 由通用字符名称“\u65F6”表示的字符不能在当前代码页(932)中表示出来
     1>main.cpp(369): warning C4566: 由通用字符名称“\u95F4”表示的字符不能在当前代码页(932)中表示出来
     1>main.cpp(369): warning C4566: 由通用字符名称“\u8D25”表示的字符不能在当前代码页(932)中表示出来
     1>main.cpp(382): warning C4566: 由通用字符名称“\u8D25”表示的字符不能在当前代码页(932)中表示出来
     1>main.cpp(135): warning C4101: “LeftElbowFrameNo6”: 未引用的局部变量
     1>main.cpp(157): warning C4101: “LocalPositionRE4”: 未引用的局部变量
     1>main.cpp(133): warning C4101: “M90_6”: 未引用的局部变量
     1>main.cpp(133): warning C4101: “M56_6”: 未引用的局部变量
     1>main.cpp(157): warning C4101: “LocalPositionLE4”: 未引用的局部变量
     1>main.cpp(135): warning C4101: “RightElbowFrameNo6”: 未引用的局部变量
     1>main.cpp(135): warning C4101: “RightElbowFrameNo3”: 未引用的局部变量
     1>main.cpp(157): warning C4101: “LocalPositionRE5”: 未引用的局部变量
     1>main.cpp(135): warning C4101: “LeftElbowFrameNo5”: 未引用的局部变量
     1>main.cpp(135): warning C4101: “LeftElbowFrameNo3”: 未引用的局部变量
     1>main.cpp(135): warning C4101: “RightElbowFrameNo2”: 未引用的局部变量
     1>main.cpp(133): warning C4101: “M56_2”: 未引用的局部变量
     1>main.cpp(157): warning C4101: “LocalPositionLE5”: 未引用的局部变量
     1>main.cpp(135): warning C4101: “LeftElbowFrameNo2”: 未引用的局部变量
     1>main.cpp(135): warning C4101: “RightElbowFrameNo4”: 未引用的局部变量
     1>main.cpp(133): warning C4101: “M90_2”: 未引用的局部变量
     1>main.cpp(157): warning C4101: “LocalPositionRE6”: 未引用的局部变量
     1>main.cpp(157): warning C4101: “LocalPositionRE2”: 未引用的局部变量
     1>main.cpp(133): warning C4101: “M90_5”: 未引用的局部变量
     1>main.cpp(133): warning C4101: “M56_5”: 未引用的局部变量
     1>main.cpp(133): warning C4101: “M90_4”: 未引用的局部变量
     1>main.cpp(157): warning C4101: “LocalPositionLE6”: 未引用的局部变量
     1>main.cpp(157): warning C4101: “LocalPositionLE2”: 未引用的局部变量
     1>main.cpp(135): warning C4101: “RightElbowFrameNo5”: 未引用的局部变量
     1>main.cpp(133): warning C4101: “M56_3”: 未引用的局部变量
     1>main.cpp(157): warning C4101: “LocalPositionRE3”: 未引用的局部变量
     1>main.cpp(135): warning C4101: “LeftElbowFrameNo4”: 未引用的局部变量
     1>main.cpp(133): warning C4101: “M56_4”: 未引用的局部变量
     1>main.cpp(133): warning C4101: “M90_3”: 未引用的局部变量
     1>main.cpp(157): warning C4101: “LocalPositionLE3”: 未引用的局部变量
       Link:
         C:\Program Files (x86)\Microsoft Visual Studio 12.0\VC\bin\link.exe /ERRORREPORT:PROMPT /OUT:"D:\localversion\FaceAva\Release\FaceAvatar.exe" /INCREMENTAL:NO /NOLOGO Wsock32.lib ipc.lib opencv_calib3d249.lib opencv_contrib249.lib opencv_core249.lib opencv_features2d249.lib opencv_flann249.lib opencv_gpu249.lib opencv_highgui249.lib opencv_imgproc249.lib opencv_legacy249.lib opencv_ml249.lib opencv_objdetect249.lib opencv_ts249.lib opencv_video249.lib Kinect20.Face.lib kernel32.lib user32.lib gdi32.lib winspool.lib comdlg32.lib advapi32.lib shell32.lib ole32.lib oleaut32.lib uuid.lib odbc32.lib odbccp32.lib /MANIFEST /MANIFESTUAC:"level='asInvoker' uiAccess='false'" /manifest:embed /DEBUG /PDB:"D:\localversion\FaceAva\Release\FaceAvatar.pdb" /SUBSYSTEM:WINDOWS /OPT:REF /OPT:ICF /LTCG /TLBID:1 /DYNAMICBASE /NXCOMPAT /IMPLIB:"D:\localversion\FaceAva\Release\FaceAvatar.lib" /MACHINE:X86 /SAFESEH /SAFESEH:NO Release\kinectframe.obj
         Release\main.obj
         正在生成代码
         已完成代码的生成
         FaceAvatar.vcxproj -> D:\localversion\FaceAva\Release\FaceAvatar.exe
       PostBuildEvent:
         xcopy "C:\Program Files\Microsoft SDKs\Kinect\v2.0_1409\Redist\Face\x86\NuiDatabase" "D:\localversion\FaceAva\Release\NuiDatabase" /e /y /i /r  
         xcopy "C:\Program Files\Microsoft SDKs\Kinect\v2.0_1409\Redist\Face\x86\Kinect20.Face.dll" "D:\localversion\FaceAva\Release\" /c /y  
         :VCEnd
         C:\Program Files\Microsoft SDKs\Kinect\v2.0_1409\Redist\Face\x86\NuiDatabase\FaceAlignment.bin
         C:\Program Files\Microsoft SDKs\Kinect\v2.0_1409\Redist\Face\x86\NuiDatabase\FaceAlignmentColor.bin
         C:\Program Files\Microsoft SDKs\Kinect\v2.0_1409\Redist\Face\x86\NuiDatabase\FaceAlignmentColor27.bin
         C:\Program Files\Microsoft SDKs\Kinect\v2.0_1409\Redist\Face\x86\NuiDatabase\FaceDetector.bin
         C:\Program Files\Microsoft SDKs\Kinect\v2.0_1409\Redist\Face\x86\NuiDatabase\FaceOrientation.bin
         C:\Program Files\Microsoft SDKs\Kinect\v2.0_1409\Redist\Face\x86\NuiDatabase\FaceTrackingColor27.bin
         C:\Program Files\Microsoft SDKs\Kinect\v2.0_1409\Redist\Face\x86\NuiDatabase\Expression\ExpressionRandomForest.model
         C:\Program Files\Microsoft SDKs\Kinect\v2.0_1409\Redist\Face\x86\NuiDatabase\Expression\EyeLeftRandomForest.model
         C:\Program Files\Microsoft SDKs\Kinect\v2.0_1409\Redist\Face\x86\NuiDatabase\Expression\EyeRightRandomForest.model
         C:\Program Files\Microsoft SDKs\Kinect\v2.0_1409\Redist\Face\x86\NuiDatabase\Expression\FacialHairIRRandomForest.model
         C:\Program Files\Microsoft SDKs\Kinect\v2.0_1409\Redist\Face\x86\NuiDatabase\Expression\FacialHairRandomForest.model
         C:\Program Files\Microsoft SDKs\Kinect\v2.0_1409\Redist\Face\x86\NuiDatabase\Expression\Feature.config
         C:\Program Files\Microsoft SDKs\Kinect\v2.0_1409\Redist\Face\x86\NuiDatabase\Expression\GlassesIRRandomForest.model
         C:\Program Files\Microsoft SDKs\Kinect\v2.0_1409\Redist\Face\x86\NuiDatabase\Expression\GlassesRandomForest.model
         C:\Program Files\Microsoft SDKs\Kinect\v2.0_1409\Redist\Face\x86\NuiDatabase\Expression\LookingAwayRandomForest.model
         C:\Program Files\Microsoft SDKs\Kinect\v2.0_1409\Redist\Face\x86\NuiDatabase\Expression\MouthMovedRandomForest.model
         C:\Program Files\Microsoft SDKs\Kinect\v2.0_1409\Redist\Face\x86\NuiDatabase\Expression\MouthOpenRandomForest.model
         C:\Program Files\Microsoft SDKs\Kinect\v2.0_1409\Redist\Face\x86\NuiDatabase\Expression\NuiExpressionModelManifest.txt
         C:\Program Files\Microsoft SDKs\Kinect\v2.0_1409\Redist\Face\x86\NuiDatabase\HDFaceTracker\AAMModel\3DModel.bin
         C:\Program Files\Microsoft SDKs\Kinect\v2.0_1409\Redist\Face\x86\NuiDatabase\HDFaceTracker\AAMModel\3DModel_globalPCA.bin
         C:\Program Files\Microsoft SDKs\Kinect\v2.0_1409\Redist\Face\x86\NuiDatabase\HDFaceTracker\AAMModel\AAMModelData_F.bin
         C:\Program Files\Microsoft SDKs\Kinect\v2.0_1409\Redist\Face\x86\NuiDatabase\HDFaceTracker\AAMModel\AAMModelData_HLP.bin
         C:\Program Files\Microsoft SDKs\Kinect\v2.0_1409\Redist\Face\x86\NuiDatabase\HDFaceTracker\AAMModel\AAMModelData_HRP.bin
         C:\Program Files\Microsoft SDKs\Kinect\v2.0_1409\Redist\Face\x86\NuiDatabase\HDFaceTracker\AAMModel\Map2D3D_F.txt
         C:\Program Files\Microsoft SDKs\Kinect\v2.0_1409\Redist\Face\x86\NuiDatabase\HDFaceTracker\AAMModel\Map2D3D_HLP.txt
         C:\Program Files\Microsoft SDKs\Kinect\v2.0_1409\Redist\Face\x86\NuiDatabase\HDFaceTracker\AAMModel\Map2D3D_HRP.txt
         C:\Program Files\Microsoft SDKs\Kinect\v2.0_1409\Redist\Face\x86\NuiDatabase\HDFaceTracker\AAMModel\PCAMaskBias.bin
         C:\Program Files\Microsoft SDKs\Kinect\v2.0_1409\Redist\Face\x86\NuiDatabase\HDFaceTracker\EvalModel\front.mod.bin
         C:\Program Files\Microsoft SDKs\Kinect\v2.0_1409\Redist\Face\x86\NuiDatabase\HDFaceTracker\EvalModel\Front.p.txt
         C:\Program Files\Microsoft SDKs\Kinect\v2.0_1409\Redist\Face\x86\NuiDatabase\HDFaceTracker\EvalModel\front_nose.mod.bin
         C:\Program Files\Microsoft SDKs\Kinect\v2.0_1409\Redist\Face\x86\NuiDatabase\HDFaceTracker\EvalModel\left.mod.bin
         C:\Program Files\Microsoft SDKs\Kinect\v2.0_1409\Redist\Face\x86\NuiDatabase\HDFaceTracker\EvalModel\left.p.txt
         C:\Program Files\Microsoft SDKs\Kinect\v2.0_1409\Redist\Face\x86\NuiDatabase\HDFaceTracker\EvalModel\left_nose.mod.bin
         C:\Program Files\Microsoft SDKs\Kinect\v2.0_1409\Redist\Face\x86\NuiDatabase\HDFaceTracker\EvalModel\right.mod.bin
         C:\Program Files\Microsoft SDKs\Kinect\v2.0_1409\Redist\Face\x86\NuiDatabase\HDFaceTracker\EvalModel\right.p.txt
         C:\Program Files\Microsoft SDKs\Kinect\v2.0_1409\Redist\Face\x86\NuiDatabase\HDFaceTracker\EvalModel\right_nose.mod.bin
         C:\Program Files\Microsoft SDKs\Kinect\v2.0_1409\Redist\Face\x86\NuiDatabase\HDFaceTracker\EyeState\EyeClose.pra
         C:\Program Files\Microsoft SDKs\Kinect\v2.0_1409\Redist\Face\x86\NuiDatabase\HDFaceTracker\EyeState\EyeClose.wgh
         C:\Program Files\Microsoft SDKs\Kinect\v2.0_1409\Redist\Face\x86\NuiDatabase\HDFaceTracker\EyeState\LeftCloseRightOpen44Flip.pra
         C:\Program Files\Microsoft SDKs\Kinect\v2.0_1409\Redist\Face\x86\NuiDatabase\HDFaceTracker\EyeState\LeftCloseRightOpen44Flip.wgh
         C:\Program Files\Microsoft SDKs\Kinect\v2.0_1409\Redist\Face\x86\NuiDatabase\HDFaceTracker\EyeState\LeftOpenRightClose44Flip.pra
         C:\Program Files\Microsoft SDKs\Kinect\v2.0_1409\Redist\Face\x86\NuiDatabase\HDFaceTracker\EyeState\LeftOpenRightClose44Flip.wgh
         C:\Program Files\Microsoft SDKs\Kinect\v2.0_1409\Redist\Face\x86\NuiDatabase\HDFaceTracker\MouthModel\close.mod.bin
         C:\Program Files\Microsoft SDKs\Kinect\v2.0_1409\Redist\Face\x86\NuiDatabase\HDFaceTracker\MouthModel\close.p.txt
         C:\Program Files\Microsoft SDKs\Kinect\v2.0_1409\Redist\Face\x86\NuiDatabase\HDFaceTracker\MouthModel\lopen.mod.bin
         C:\Program Files\Microsoft SDKs\Kinect\v2.0_1409\Redist\Face\x86\NuiDatabase\HDFaceTracker\MouthModel\lopen.p.txt
         C:\Program Files\Microsoft SDKs\Kinect\v2.0_1409\Redist\Face\x86\NuiDatabase\HDFaceTracker\MouthModel\MeanShapes.txt
         C:\Program Files\Microsoft SDKs\Kinect\v2.0_1409\Redist\Face\x86\NuiDatabase\HDFaceTracker\SkintoneModel\skintone_appearance_classifier.txt
         C:\Program Files\Microsoft SDKs\Kinect\v2.0_1409\Redist\Face\x86\NuiDatabase\HDFaceTracker\SkintoneModel\skintone_shape_classifier.txt
         C:\Program Files\Microsoft SDKs\Kinect\v2.0_1409\Redist\Face\x86\NuiDatabase\HDFaceTracker\ViewModel\front.mod.bin
         C:\Program Files\Microsoft SDKs\Kinect\v2.0_1409\Redist\Face\x86\NuiDatabase\HDFaceTracker\ViewModel\front.p.txt
         C:\Program Files\Microsoft SDKs\Kinect\v2.0_1409\Redist\Face\x86\NuiDatabase\HDFaceTracker\ViewModel\left.mod.bin
         C:\Program Files\Microsoft SDKs\Kinect\v2.0_1409\Redist\Face\x86\NuiDatabase\HDFaceTracker\ViewModel\left.p.txt
         C:\Program Files\Microsoft SDKs\Kinect\v2.0_1409\Redist\Face\x86\NuiDatabase\HDFaceTracker\ViewModel\right.mod.bin
         C:\Program Files\Microsoft SDKs\Kinect\v2.0_1409\Redist\Face\x86\NuiDatabase\HDFaceTracker\ViewModel\right.p.txt
         C:\Program Files\Microsoft SDKs\Kinect\v2.0_1409\Redist\Face\x86\NuiDatabase\HDFaceTracker\WholeHeadModel\FullHeadMaskVertexCorrespondence.txt
         C:\Program Files\Microsoft SDKs\Kinect\v2.0_1409\Redist\Face\x86\NuiDatabase\HDFaceTracker\WholeHeadModel\fullMeanHead60_tri.ply
         57 個のファイルをコピーしました
         C:\Program Files\Microsoft SDKs\Kinect\v2.0_1409\Redist\Face\x86\Kinect20.Face.dll
         1 個のファイルをコピーしました
     1>已完成生成项目“D:\localversion\FaceAva\FaceAvatar\FaceAvatar.vcxproj”(Build 个目标)的操作。

生成成功。

已用时间 00:00:03.47
